<?xml version="1.0" encoding="UTF-8"?>
<!-- Generated by org.testng.reporters.JUnitReportReporter -->
<testsuite skipped="0" hostname="DESKTOP-30S7U1C" name="com.amazon.qa.testcases.HomePageTest" tests="3" failures="0" timestamp="23 Feb 2020 17:53:39 GMT" time="2.532" errors="0">
  <testcase name="Login" time="1.477" classname="com.amazon.qa.testcases.HomePageTest"/>
  <testcase name="loginPageTitleTest" time="0.907" classname="com.amazon.qa.testcases.HomePageTest"/>
  <testcase name="crmLogoImageTest" time="0.148" classname="com.amazon.qa.testcases.HomePageTest"/>
</testsuite> <!-- com.amazon.qa.testcases.HomePageTest -->
