<?xml version="1.0" encoding="UTF-8"?>
<!-- Generated by org.testng.reporters.JUnitReportReporter -->
<testsuite skipped="0" hostname="DESKTOP-30S7U1C" name="com.amazon.qa.testcases.userHomePageTest" tests="4" failures="0" timestamp="1 Mar 2020 08:16:44 GMT" time="14.335" errors="0">
  <testcase name="select" time="0.766" classname="com.amazon.qa.testcases.userHomePageTest"/>
  <testcase name="SearchItems" time="7.119" classname="com.amazon.qa.testcases.userHomePageTest"/>
  <testcase name="validLogin" time="0.140" classname="com.amazon.qa.testcases.userHomePageTest"/>
  <testcase name="imgDisplayed" time="6.310" classname="com.amazon.qa.testcases.userHomePageTest"/>
</testsuite> <!-- com.amazon.qa.testcases.userHomePageTest -->
