<?xml version="1.0" encoding="UTF-8"?>
<!-- Generated by org.testng.reporters.JUnitReportReporter -->
<testsuite skipped="0" hostname="DESKTOP-30S7U1C" name="com.amazon.qa.testcases.LoginPageTest" tests="1" failures="0" timestamp="1 Mar 2020 09:31:45 GMT" time="8.055" errors="0">
  <testcase name="loginTest" time="8.055" classname="com.amazon.qa.testcases.LoginPageTest"/>
</testsuite> <!-- com.amazon.qa.testcases.LoginPageTest -->
