<?xml version="1.0" encoding="UTF-8"?>
<!-- Generated by org.testng.reporters.JUnitReportReporter -->
<testsuite skipped="0" hostname="DESKTOP-30S7U1C" name="com.amazon.qa.testcases.HomePageTest" tests="3" failures="0" timestamp="1 Mar 2020 09:31:45 GMT" time="6.899" errors="0">
  <testcase name="crmLogoImageTest" time="0.577" classname="com.amazon.qa.testcases.HomePageTest"/>
  <testcase name="loginPageTitleTest" time="4.993" classname="com.amazon.qa.testcases.HomePageTest"/>
  <testcase name="Login" time="1.329" classname="com.amazon.qa.testcases.HomePageTest"/>
</testsuite> <!-- com.amazon.qa.testcases.HomePageTest -->
