<?xml version="1.0" encoding="UTF-8"?>
<!-- Generated by org.testng.reporters.JUnitReportReporter -->
<testsuite skipped="0" hostname="DESKTOP-30S7U1C" name="com.amazon.qa.testcases.userHomePageTest" tests="3" failures="0" timestamp="1 Mar 2020 10:34:29 GMT" time="14.530" errors="0">
  <testcase name="addItemToCart" time="0.719" classname="com.amazon.qa.testcases.userHomePageTest"/>
  <testcase name="validLogin" time="0.486" classname="com.amazon.qa.testcases.userHomePageTest"/>
  <testcase name="SearchItems" time="13.325" classname="com.amazon.qa.testcases.userHomePageTest"/>
</testsuite> <!-- com.amazon.qa.testcases.userHomePageTest -->
