<?xml version="1.0" encoding="UTF-8"?>
<!-- Generated by org.testng.reporters.JUnitReportReporter -->
<testsuite skipped="0" hostname="DESKTOP-30S7U1C" name="com.amazon.qa.testcases.LoginPageTest" tests="1" failures="0" timestamp="23 Feb 2020 17:53:39 GMT" time="0.072" errors="0">
  <testcase name="loginTest" time="0.072" classname="com.amazon.qa.testcases.LoginPageTest"/>
</testsuite> <!-- com.amazon.qa.testcases.LoginPageTest -->
